08-Jan-2023 15:41:59.618 INFO [main] org.apache.catalina.startup.VersionLoggerListener.log 서버 버전 이름:    Apache Tomcat/10.0.27
08-Jan-2023 15:41:59.623 INFO [main] org.apache.catalina.startup.VersionLoggerListener.log Server 빌드 시각:  Oct 3 2022 14:18:31 UTC
08-Jan-2023 15:41:59.624 INFO [main] org.apache.catalina.startup.VersionLoggerListener.log Server 버전 번호:  10.0.27.0
08-Jan-2023 15:41:59.624 INFO [main] org.apache.catalina.startup.VersionLoggerListener.log 운영체제 이름:     Mac OS X
08-Jan-2023 15:41:59.624 INFO [main] org.apache.catalina.startup.VersionLoggerListener.log 운영체제 버전:     10.16
08-Jan-2023 15:41:59.624 INFO [main] org.apache.catalina.startup.VersionLoggerListener.log 아키텍처:          x86_64
08-Jan-2023 15:41:59.625 INFO [main] org.apache.catalina.startup.VersionLoggerListener.log 자바 홈:           /Library/Java/JavaVirtualMachines/openjdk-14.0.2.jdk/Contents/Home
08-Jan-2023 15:41:59.625 INFO [main] org.apache.catalina.startup.VersionLoggerListener.log JVM 버전:          14.0.2+12-46
08-Jan-2023 15:41:59.625 INFO [main] org.apache.catalina.startup.VersionLoggerListener.log JVM 벤더:          Oracle Corporation
08-Jan-2023 15:41:59.625 INFO [main] org.apache.catalina.startup.VersionLoggerListener.log CATALINA_BASE:     /Users/gs/workspaces/hashicorp_example/vagrant-examples/hashistack/sample/vault/db_secrets/mysql/05_tomcat_10.0/apache-tomcat-10.0.27
08-Jan-2023 15:41:59.625 INFO [main] org.apache.catalina.startup.VersionLoggerListener.log CATALINA_HOME:     /Users/gs/workspaces/hashicorp_example/vagrant-examples/hashistack/sample/vault/db_secrets/mysql/05_tomcat_10.0/apache-tomcat-10.0.27
08-Jan-2023 15:41:59.686 INFO [main] org.apache.catalina.startup.VersionLoggerListener.log 명령 행 아규먼트:  --add-opens=java.base/java.lang=ALL-UNNAMED
08-Jan-2023 15:41:59.687 INFO [main] org.apache.catalina.startup.VersionLoggerListener.log 명령 행 아규먼트:  --add-opens=java.base/java.io=ALL-UNNAMED
08-Jan-2023 15:41:59.687 INFO [main] org.apache.catalina.startup.VersionLoggerListener.log 명령 행 아규먼트:  --add-opens=java.base/java.util=ALL-UNNAMED
08-Jan-2023 15:41:59.687 INFO [main] org.apache.catalina.startup.VersionLoggerListener.log 명령 행 아규먼트:  --add-opens=java.base/java.util.concurrent=ALL-UNNAMED
08-Jan-2023 15:41:59.687 INFO [main] org.apache.catalina.startup.VersionLoggerListener.log 명령 행 아규먼트:  --add-opens=java.rmi/sun.rmi.transport=ALL-UNNAMED
08-Jan-2023 15:41:59.687 INFO [main] org.apache.catalina.startup.VersionLoggerListener.log 명령 행 아규먼트:  -Djava.util.logging.config.file=/Users/gs/workspaces/hashicorp_example/vagrant-examples/hashistack/sample/vault/db_secrets/mysql/05_tomcat_10.0/apache-tomcat-10.0.27/conf/logging.properties
08-Jan-2023 15:41:59.688 INFO [main] org.apache.catalina.startup.VersionLoggerListener.log 명령 행 아규먼트:  -Djava.util.logging.manager=org.apache.juli.ClassLoaderLogManager
08-Jan-2023 15:41:59.688 INFO [main] org.apache.catalina.startup.VersionLoggerListener.log 명령 행 아규먼트:  -Djdk.tls.ephemeralDHKeySize=2048
08-Jan-2023 15:41:59.688 INFO [main] org.apache.catalina.startup.VersionLoggerListener.log 명령 행 아규먼트:  -Djava.protocol.handler.pkgs=org.apache.catalina.webresources
08-Jan-2023 15:41:59.688 INFO [main] org.apache.catalina.startup.VersionLoggerListener.log 명령 행 아규먼트:  -Dorg.apache.catalina.security.SecurityListener.UMASK=0027
08-Jan-2023 15:41:59.688 INFO [main] org.apache.catalina.startup.VersionLoggerListener.log 명령 행 아규먼트:  -Dignore.endorsed.dirs=
08-Jan-2023 15:41:59.688 INFO [main] org.apache.catalina.startup.VersionLoggerListener.log 명령 행 아규먼트:  -Dcatalina.base=/Users/gs/workspaces/hashicorp_example/vagrant-examples/hashistack/sample/vault/db_secrets/mysql/05_tomcat_10.0/apache-tomcat-10.0.27
08-Jan-2023 15:41:59.688 INFO [main] org.apache.catalina.startup.VersionLoggerListener.log 명령 행 아규먼트:  -Dcatalina.home=/Users/gs/workspaces/hashicorp_example/vagrant-examples/hashistack/sample/vault/db_secrets/mysql/05_tomcat_10.0/apache-tomcat-10.0.27
08-Jan-2023 15:41:59.688 INFO [main] org.apache.catalina.startup.VersionLoggerListener.log 명령 행 아규먼트:  -Djava.io.tmpdir=/Users/gs/workspaces/hashicorp_example/vagrant-examples/hashistack/sample/vault/db_secrets/mysql/05_tomcat_10.0/apache-tomcat-10.0.27/temp
08-Jan-2023 15:41:59.692 INFO [main] org.apache.catalina.core.AprLifecycleListener.lifecycleEvent 프로덕션 환경들에서 최적의 성능을 제공하는, APR 기반 Apache Tomcat Native 라이브러리가, 다음 java.library.path에서 발견되지 않습니다: [/Users/gs/Library/Java/Extensions:/Library/Java/Extensions:/Network/Library/Java/Extensions:/System/Library/Java/Extensions:/usr/lib/java:.]
08-Jan-2023 15:42:00.184 INFO [main] org.apache.coyote.AbstractProtocol.init 프로토콜 핸들러 ["http-nio-8080"]을(를) 초기화합니다.
08-Jan-2023 15:42:00.268 INFO [main] org.apache.catalina.startup.Catalina.load [1044] 밀리초 내에 서버가 초기화되었습니다.
08-Jan-2023 15:42:00.347 INFO [main] org.apache.catalina.core.StandardService.startInternal 서비스 [Catalina]을(를) 시작합니다.
08-Jan-2023 15:42:00.347 INFO [main] org.apache.catalina.core.StandardEngine.startInternal 서버 엔진을 시작합니다: [Apache Tomcat/10.0.27]
08-Jan-2023 15:42:00.359 INFO [main] org.apache.catalina.startup.HostConfig.deployDirectory 웹 애플리케이션 디렉토리 [/Users/gs/workspaces/hashicorp_example/vagrant-examples/hashistack/sample/vault/db_secrets/mysql/05_tomcat_10.0/apache-tomcat-10.0.27/webapps/test]을(를) 배치합니다.
08-Jan-2023 15:42:01.471 INFO [main] java.util.ArrayList.forEach Name = mysql Ignoring unknown property: value of "DB Connection" for "description" property
08-Jan-2023 15:42:01.602 INFO [main] org.apache.jasper.servlet.TldScanner.scanJars 적어도 하나의 JAR가 TLD들을 찾기 위해 스캔되었으나 아무 것도 찾지 못했습니다. 스캔했으나 TLD가 없는 JAR들의 전체 목록을 보시려면, 로그 레벨을 디버그 레벨로 설정하십시오. 스캔 과정에서 불필요한 JAR들을 건너뛰면, 시스템 시작 시간과 JSP 컴파일 시간을 단축시킬 수 있습니다.
08-Jan-2023 15:42:01.724 INFO [main] org.apache.catalina.startup.HostConfig.deployDirectory 웹 애플리케이션 디렉토리 [/Users/gs/workspaces/hashicorp_example/vagrant-examples/hashistack/sample/vault/db_secrets/mysql/05_tomcat_10.0/apache-tomcat-10.0.27/webapps/test]에 대한 배치가 [1,344] 밀리초에 완료되었습니다.
08-Jan-2023 15:42:01.740 INFO [main] org.apache.coyote.AbstractProtocol.start 프로토콜 핸들러 ["http-nio-8080"]을(를) 시작합니다.
08-Jan-2023 15:42:01.787 INFO [main] org.apache.catalina.startup.Catalina.start 서버가 [1518] 밀리초 내에 시작되었습니다.
08-Jan-2023 15:47:21.914 INFO [Catalina-utility-1] org.apache.catalina.startup.HostConfig.undeploy 컨텍스트 [/test]의 배치를 제거합니다.
08-Jan-2023 15:47:21.942 INFO [Catalina-utility-1] org.apache.catalina.startup.HostConfig.deployDirectory 웹 애플리케이션 디렉토리 [/Users/gs/workspaces/hashicorp_example/vagrant-examples/hashistack/sample/vault/db_secrets/mysql/05_tomcat_10.0/apache-tomcat-10.0.27/webapps/test]을(를) 배치합니다.
08-Jan-2023 15:47:22.440 INFO [Catalina-utility-1] org.apache.jasper.servlet.TldScanner.scanJars 적어도 하나의 JAR가 TLD들을 찾기 위해 스캔되었으나 아무 것도 찾지 못했습니다. 스캔했으나 TLD가 없는 JAR들의 전체 목록을 보시려면, 로그 레벨을 디버그 레벨로 설정하십시오. 스캔 과정에서 불필요한 JAR들을 건너뛰면, 시스템 시작 시간과 JSP 컴파일 시간을 단축시킬 수 있습니다.
08-Jan-2023 15:47:22.444 INFO [Catalina-utility-1] org.apache.catalina.startup.HostConfig.deployDirectory 웹 애플리케이션 디렉토리 [/Users/gs/workspaces/hashicorp_example/vagrant-examples/hashistack/sample/vault/db_secrets/mysql/05_tomcat_10.0/apache-tomcat-10.0.27/webapps/test]에 대한 배치가 [502] 밀리초에 완료되었습니다.
08-Jan-2023 15:47:42.453 INFO [Catalina-utility-2] org.apache.catalina.startup.HostConfig.undeploy 컨텍스트 [/test]의 배치를 제거합니다.
08-Jan-2023 15:47:42.464 INFO [Catalina-utility-2] org.apache.catalina.startup.HostConfig.deployDirectory 웹 애플리케이션 디렉토리 [/Users/gs/workspaces/hashicorp_example/vagrant-examples/hashistack/sample/vault/db_secrets/mysql/05_tomcat_10.0/apache-tomcat-10.0.27/webapps/test]을(를) 배치합니다.
08-Jan-2023 15:47:42.964 INFO [Catalina-utility-2] org.apache.jasper.servlet.TldScanner.scanJars 적어도 하나의 JAR가 TLD들을 찾기 위해 스캔되었으나 아무 것도 찾지 못했습니다. 스캔했으나 TLD가 없는 JAR들의 전체 목록을 보시려면, 로그 레벨을 디버그 레벨로 설정하십시오. 스캔 과정에서 불필요한 JAR들을 건너뛰면, 시스템 시작 시간과 JSP 컴파일 시간을 단축시킬 수 있습니다.
08-Jan-2023 15:47:42.966 INFO [Catalina-utility-2] org.apache.catalina.startup.HostConfig.deployDirectory 웹 애플리케이션 디렉토리 [/Users/gs/workspaces/hashicorp_example/vagrant-examples/hashistack/sample/vault/db_secrets/mysql/05_tomcat_10.0/apache-tomcat-10.0.27/webapps/test]에 대한 배치가 [502] 밀리초에 완료되었습니다.
08-Jan-2023 15:48:02.976 INFO [Catalina-utility-1] org.apache.catalina.startup.HostConfig.undeploy 컨텍스트 [/test]의 배치를 제거합니다.
08-Jan-2023 15:48:02.995 INFO [Catalina-utility-1] org.apache.catalina.startup.HostConfig.deployDirectory 웹 애플리케이션 디렉토리 [/Users/gs/workspaces/hashicorp_example/vagrant-examples/hashistack/sample/vault/db_secrets/mysql/05_tomcat_10.0/apache-tomcat-10.0.27/webapps/test]을(를) 배치합니다.
08-Jan-2023 15:48:03.596 INFO [Catalina-utility-1] org.apache.jasper.servlet.TldScanner.scanJars 적어도 하나의 JAR가 TLD들을 찾기 위해 스캔되었으나 아무 것도 찾지 못했습니다. 스캔했으나 TLD가 없는 JAR들의 전체 목록을 보시려면, 로그 레벨을 디버그 레벨로 설정하십시오. 스캔 과정에서 불필요한 JAR들을 건너뛰면, 시스템 시작 시간과 JSP 컴파일 시간을 단축시킬 수 있습니다.
08-Jan-2023 15:48:03.601 INFO [Catalina-utility-1] org.apache.catalina.startup.HostConfig.deployDirectory 웹 애플리케이션 디렉토리 [/Users/gs/workspaces/hashicorp_example/vagrant-examples/hashistack/sample/vault/db_secrets/mysql/05_tomcat_10.0/apache-tomcat-10.0.27/webapps/test]에 대한 배치가 [606] 밀리초에 완료되었습니다.
08-Jan-2023 15:48:23.611 INFO [Catalina-utility-1] org.apache.catalina.startup.HostConfig.undeploy 컨텍스트 [/test]의 배치를 제거합니다.
08-Jan-2023 15:48:23.620 INFO [Catalina-utility-1] org.apache.catalina.startup.HostConfig.deployDirectory 웹 애플리케이션 디렉토리 [/Users/gs/workspaces/hashicorp_example/vagrant-examples/hashistack/sample/vault/db_secrets/mysql/05_tomcat_10.0/apache-tomcat-10.0.27/webapps/test]을(를) 배치합니다.
08-Jan-2023 15:48:23.943 INFO [Catalina-utility-1] org.apache.jasper.servlet.TldScanner.scanJars 적어도 하나의 JAR가 TLD들을 찾기 위해 스캔되었으나 아무 것도 찾지 못했습니다. 스캔했으나 TLD가 없는 JAR들의 전체 목록을 보시려면, 로그 레벨을 디버그 레벨로 설정하십시오. 스캔 과정에서 불필요한 JAR들을 건너뛰면, 시스템 시작 시간과 JSP 컴파일 시간을 단축시킬 수 있습니다.
08-Jan-2023 15:48:23.945 INFO [Catalina-utility-1] org.apache.catalina.startup.HostConfig.deployDirectory 웹 애플리케이션 디렉토리 [/Users/gs/workspaces/hashicorp_example/vagrant-examples/hashistack/sample/vault/db_secrets/mysql/05_tomcat_10.0/apache-tomcat-10.0.27/webapps/test]에 대한 배치가 [325] 밀리초에 완료되었습니다.
08-Jan-2023 15:48:43.956 INFO [Catalina-utility-2] org.apache.catalina.startup.HostConfig.undeploy 컨텍스트 [/test]의 배치를 제거합니다.
08-Jan-2023 15:48:43.966 INFO [Catalina-utility-2] org.apache.catalina.startup.HostConfig.deployDirectory 웹 애플리케이션 디렉토리 [/Users/gs/workspaces/hashicorp_example/vagrant-examples/hashistack/sample/vault/db_secrets/mysql/05_tomcat_10.0/apache-tomcat-10.0.27/webapps/test]을(를) 배치합니다.
08-Jan-2023 15:48:44.361 INFO [Catalina-utility-2] org.apache.jasper.servlet.TldScanner.scanJars 적어도 하나의 JAR가 TLD들을 찾기 위해 스캔되었으나 아무 것도 찾지 못했습니다. 스캔했으나 TLD가 없는 JAR들의 전체 목록을 보시려면, 로그 레벨을 디버그 레벨로 설정하십시오. 스캔 과정에서 불필요한 JAR들을 건너뛰면, 시스템 시작 시간과 JSP 컴파일 시간을 단축시킬 수 있습니다.
08-Jan-2023 15:48:44.363 INFO [Catalina-utility-2] org.apache.catalina.startup.HostConfig.deployDirectory 웹 애플리케이션 디렉토리 [/Users/gs/workspaces/hashicorp_example/vagrant-examples/hashistack/sample/vault/db_secrets/mysql/05_tomcat_10.0/apache-tomcat-10.0.27/webapps/test]에 대한 배치가 [397] 밀리초에 완료되었습니다.
08-Jan-2023 15:49:44.398 INFO [Catalina-utility-1] org.apache.catalina.startup.HostConfig.undeploy 컨텍스트 [/test]의 배치를 제거합니다.
08-Jan-2023 15:49:44.405 WARNING [Catalina-utility-1] org.apache.catalina.loader.WebappClassLoaderBase.clearReferencesJdbc 웹 애플리케이션 [test]이(가) JDBC 드라이버 [com.mysql.cj.jdbc.Driver]을(를) 등록했지만, 웹 애플리케이션이 중지될 때, 해당 JDBC 드라이버의 등록을 제거하지 못했습니다. 메모리 누수를 방지하기 위하여, 등록을 강제로 제거했습니다.
08-Jan-2023 15:49:44.406 WARNING [Catalina-utility-1] org.apache.catalina.loader.WebappClassLoaderBase.clearReferencesThreads 웹 애플리케이션 [test]이(가) [mysql-cj-abandoned-connection-cleanup](이)라는 이름의 쓰레드를 시작시킨 것으로 보이지만, 해당 쓰레드를 중지시키지 못했습니다. 이는 메모리 누수를 유발할 가능성이 큽니다. 해당 쓰레드의 스택 트레이스:
 java.base@14.0.2/java.lang.Object.wait(Native Method)
 java.base@14.0.2/java.lang.ref.ReferenceQueue.remove(ReferenceQueue.java:155)
 com.mysql.cj.jdbc.AbandonedConnectionCleanupThread.run(AbandonedConnectionCleanupThread.java:91)
 java.base@14.0.2/java.util.concurrent.ThreadPoolExecutor.runWorker(ThreadPoolExecutor.java:1130)
 java.base@14.0.2/java.util.concurrent.ThreadPoolExecutor$Worker.run(ThreadPoolExecutor.java:630)
 java.base@14.0.2/java.lang.Thread.run(Thread.java:832)
08-Jan-2023 15:49:44.409 INFO [Catalina-utility-1] org.apache.catalina.startup.HostConfig.deployDirectory 웹 애플리케이션 디렉토리 [/Users/gs/workspaces/hashicorp_example/vagrant-examples/hashistack/sample/vault/db_secrets/mysql/05_tomcat_10.0/apache-tomcat-10.0.27/webapps/test]을(를) 배치합니다.
08-Jan-2023 15:49:44.567 INFO [mysql-cj-abandoned-connection-cleanup] org.apache.catalina.loader.WebappClassLoaderBase.checkStateForResourceLoading 불허되는 접근: 이 웹 애플리케이션 인스턴스는 이미 중지되었습니다. []을(를) 로드할 수 없습니다. 디버그 목적 및 불허되는 접근을 발생시킨 해당 쓰레드를 종료시키기 위한 시도로서, 다음 스택 트레이스가 생성됩니다.
	java.lang.IllegalStateException: 불허되는 접근: 이 웹 애플리케이션 인스턴스는 이미 중지되었습니다. []을(를) 로드할 수 없습니다. 디버그 목적 및 불허되는 접근을 발생시킨 해당 쓰레드를 종료시키기 위한 시도로서, 다음 스택 트레이스가 생성됩니다.
		at org.apache.catalina.loader.WebappClassLoaderBase.checkStateForResourceLoading(WebappClassLoaderBase.java:1469)
		at org.apache.catalina.loader.WebappClassLoaderBase.getResource(WebappClassLoaderBase.java:1059)
		at com.mysql.cj.jdbc.AbandonedConnectionCleanupThread.checkThreadContextClassLoader(AbandonedConnectionCleanupThread.java:123)
		at com.mysql.cj.jdbc.AbandonedConnectionCleanupThread.run(AbandonedConnectionCleanupThread.java:90)
		at java.base/java.util.concurrent.ThreadPoolExecutor.runWorker(ThreadPoolExecutor.java:1130)
		at java.base/java.util.concurrent.ThreadPoolExecutor$Worker.run(ThreadPoolExecutor.java:630)
		at java.base/java.lang.Thread.run(Thread.java:832)
08-Jan-2023 15:49:44.745 INFO [Catalina-utility-1] org.apache.jasper.servlet.TldScanner.scanJars 적어도 하나의 JAR가 TLD들을 찾기 위해 스캔되었으나 아무 것도 찾지 못했습니다. 스캔했으나 TLD가 없는 JAR들의 전체 목록을 보시려면, 로그 레벨을 디버그 레벨로 설정하십시오. 스캔 과정에서 불필요한 JAR들을 건너뛰면, 시스템 시작 시간과 JSP 컴파일 시간을 단축시킬 수 있습니다.
08-Jan-2023 15:49:44.749 INFO [Catalina-utility-1] org.apache.catalina.startup.HostConfig.deployDirectory 웹 애플리케이션 디렉토리 [/Users/gs/workspaces/hashicorp_example/vagrant-examples/hashistack/sample/vault/db_secrets/mysql/05_tomcat_10.0/apache-tomcat-10.0.27/webapps/test]에 대한 배치가 [340] 밀리초에 완료되었습니다.
08-Jan-2023 15:50:44.782 INFO [Catalina-utility-2] org.apache.catalina.startup.HostConfig.undeploy 컨텍스트 [/test]의 배치를 제거합니다.
08-Jan-2023 15:50:44.786 WARNING [Catalina-utility-2] org.apache.catalina.loader.WebappClassLoaderBase.clearReferencesJdbc 웹 애플리케이션 [test]이(가) JDBC 드라이버 [com.mysql.cj.jdbc.Driver]을(를) 등록했지만, 웹 애플리케이션이 중지될 때, 해당 JDBC 드라이버의 등록을 제거하지 못했습니다. 메모리 누수를 방지하기 위하여, 등록을 강제로 제거했습니다.
08-Jan-2023 15:50:44.787 WARNING [Catalina-utility-2] org.apache.catalina.loader.WebappClassLoaderBase.clearReferencesThreads 웹 애플리케이션 [test]이(가) [mysql-cj-abandoned-connection-cleanup](이)라는 이름의 쓰레드를 시작시킨 것으로 보이지만, 해당 쓰레드를 중지시키지 못했습니다. 이는 메모리 누수를 유발할 가능성이 큽니다. 해당 쓰레드의 스택 트레이스:
 java.base@14.0.2/java.lang.Object.wait(Native Method)
 java.base@14.0.2/java.lang.ref.ReferenceQueue.remove(ReferenceQueue.java:155)
 com.mysql.cj.jdbc.AbandonedConnectionCleanupThread.run(AbandonedConnectionCleanupThread.java:91)
 java.base@14.0.2/java.util.concurrent.ThreadPoolExecutor.runWorker(ThreadPoolExecutor.java:1130)
 java.base@14.0.2/java.util.concurrent.ThreadPoolExecutor$Worker.run(ThreadPoolExecutor.java:630)
 java.base@14.0.2/java.lang.Thread.run(Thread.java:832)
08-Jan-2023 15:50:44.791 INFO [Catalina-utility-2] org.apache.catalina.startup.HostConfig.deployDirectory 웹 애플리케이션 디렉토리 [/Users/gs/workspaces/hashicorp_example/vagrant-examples/hashistack/sample/vault/db_secrets/mysql/05_tomcat_10.0/apache-tomcat-10.0.27/webapps/test]을(를) 배치합니다.
08-Jan-2023 15:50:44.884 INFO [mysql-cj-abandoned-connection-cleanup] org.apache.catalina.loader.WebappClassLoaderBase.checkStateForResourceLoading 불허되는 접근: 이 웹 애플리케이션 인스턴스는 이미 중지되었습니다. []을(를) 로드할 수 없습니다. 디버그 목적 및 불허되는 접근을 발생시킨 해당 쓰레드를 종료시키기 위한 시도로서, 다음 스택 트레이스가 생성됩니다.
	java.lang.IllegalStateException: 불허되는 접근: 이 웹 애플리케이션 인스턴스는 이미 중지되었습니다. []을(를) 로드할 수 없습니다. 디버그 목적 및 불허되는 접근을 발생시킨 해당 쓰레드를 종료시키기 위한 시도로서, 다음 스택 트레이스가 생성됩니다.
		at org.apache.catalina.loader.WebappClassLoaderBase.checkStateForResourceLoading(WebappClassLoaderBase.java:1469)
		at org.apache.catalina.loader.WebappClassLoaderBase.getResource(WebappClassLoaderBase.java:1059)
		at com.mysql.cj.jdbc.AbandonedConnectionCleanupThread.checkThreadContextClassLoader(AbandonedConnectionCleanupThread.java:123)
		at com.mysql.cj.jdbc.AbandonedConnectionCleanupThread.run(AbandonedConnectionCleanupThread.java:90)
		at java.base/java.util.concurrent.ThreadPoolExecutor.runWorker(ThreadPoolExecutor.java:1130)
		at java.base/java.util.concurrent.ThreadPoolExecutor$Worker.run(ThreadPoolExecutor.java:630)
		at java.base/java.lang.Thread.run(Thread.java:832)
08-Jan-2023 15:50:44.885 INFO [mysql-cj-abandoned-connection-cleanup] org.apache.catalina.loader.WebappClassLoaderBase.checkStateForResourceLoading 불허되는 접근: 이 웹 애플리케이션 인스턴스는 이미 중지되었습니다. []을(를) 로드할 수 없습니다. 디버그 목적 및 불허되는 접근을 발생시킨 해당 쓰레드를 종료시키기 위한 시도로서, 다음 스택 트레이스가 생성됩니다.
	java.lang.IllegalStateException: 불허되는 접근: 이 웹 애플리케이션 인스턴스는 이미 중지되었습니다. []을(를) 로드할 수 없습니다. 디버그 목적 및 불허되는 접근을 발생시킨 해당 쓰레드를 종료시키기 위한 시도로서, 다음 스택 트레이스가 생성됩니다.
		at org.apache.catalina.loader.WebappClassLoaderBase.checkStateForResourceLoading(WebappClassLoaderBase.java:1469)
		at org.apache.catalina.loader.WebappClassLoaderBase.getResource(WebappClassLoaderBase.java:1059)
		at com.mysql.cj.jdbc.AbandonedConnectionCleanupThread.checkThreadContextClassLoader(AbandonedConnectionCleanupThread.java:123)
		at com.mysql.cj.jdbc.AbandonedConnectionCleanupThread.run(AbandonedConnectionCleanupThread.java:90)
		at java.base/java.util.concurrent.ThreadPoolExecutor.runWorker(ThreadPoolExecutor.java:1130)
		at java.base/java.util.concurrent.ThreadPoolExecutor$Worker.run(ThreadPoolExecutor.java:630)
		at java.base/java.lang.Thread.run(Thread.java:832)
08-Jan-2023 15:50:45.092 INFO [Catalina-utility-2] org.apache.jasper.servlet.TldScanner.scanJars 적어도 하나의 JAR가 TLD들을 찾기 위해 스캔되었으나 아무 것도 찾지 못했습니다. 스캔했으나 TLD가 없는 JAR들의 전체 목록을 보시려면, 로그 레벨을 디버그 레벨로 설정하십시오. 스캔 과정에서 불필요한 JAR들을 건너뛰면, 시스템 시작 시간과 JSP 컴파일 시간을 단축시킬 수 있습니다.
08-Jan-2023 15:50:45.094 INFO [Catalina-utility-2] org.apache.catalina.startup.HostConfig.deployDirectory 웹 애플리케이션 디렉토리 [/Users/gs/workspaces/hashicorp_example/vagrant-examples/hashistack/sample/vault/db_secrets/mysql/05_tomcat_10.0/apache-tomcat-10.0.27/webapps/test]에 대한 배치가 [303] 밀리초에 완료되었습니다.
08-Jan-2023 15:51:45.122 INFO [Catalina-utility-1] org.apache.catalina.startup.HostConfig.undeploy 컨텍스트 [/test]의 배치를 제거합니다.
08-Jan-2023 15:51:45.127 INFO [Catalina-utility-1] org.apache.catalina.startup.HostConfig.deployDirectory 웹 애플리케이션 디렉토리 [/Users/gs/workspaces/hashicorp_example/vagrant-examples/hashistack/sample/vault/db_secrets/mysql/05_tomcat_10.0/apache-tomcat-10.0.27/webapps/test]을(를) 배치합니다.
08-Jan-2023 15:51:45.422 INFO [Catalina-utility-1] org.apache.jasper.servlet.TldScanner.scanJars 적어도 하나의 JAR가 TLD들을 찾기 위해 스캔되었으나 아무 것도 찾지 못했습니다. 스캔했으나 TLD가 없는 JAR들의 전체 목록을 보시려면, 로그 레벨을 디버그 레벨로 설정하십시오. 스캔 과정에서 불필요한 JAR들을 건너뛰면, 시스템 시작 시간과 JSP 컴파일 시간을 단축시킬 수 있습니다.
08-Jan-2023 15:51:45.423 INFO [Catalina-utility-1] org.apache.catalina.startup.HostConfig.deployDirectory 웹 애플리케이션 디렉토리 [/Users/gs/workspaces/hashicorp_example/vagrant-examples/hashistack/sample/vault/db_secrets/mysql/05_tomcat_10.0/apache-tomcat-10.0.27/webapps/test]에 대한 배치가 [296] 밀리초에 완료되었습니다.
08-Jan-2023 15:52:45.450 INFO [Catalina-utility-1] org.apache.catalina.startup.HostConfig.undeploy 컨텍스트 [/test]의 배치를 제거합니다.
08-Jan-2023 15:52:45.454 INFO [Catalina-utility-1] org.apache.catalina.startup.HostConfig.deployDirectory 웹 애플리케이션 디렉토리 [/Users/gs/workspaces/hashicorp_example/vagrant-examples/hashistack/sample/vault/db_secrets/mysql/05_tomcat_10.0/apache-tomcat-10.0.27/webapps/test]을(를) 배치합니다.
08-Jan-2023 15:52:45.713 INFO [Catalina-utility-1] org.apache.jasper.servlet.TldScanner.scanJars 적어도 하나의 JAR가 TLD들을 찾기 위해 스캔되었으나 아무 것도 찾지 못했습니다. 스캔했으나 TLD가 없는 JAR들의 전체 목록을 보시려면, 로그 레벨을 디버그 레벨로 설정하십시오. 스캔 과정에서 불필요한 JAR들을 건너뛰면, 시스템 시작 시간과 JSP 컴파일 시간을 단축시킬 수 있습니다.
08-Jan-2023 15:52:45.714 INFO [Catalina-utility-1] org.apache.catalina.startup.HostConfig.deployDirectory 웹 애플리케이션 디렉토리 [/Users/gs/workspaces/hashicorp_example/vagrant-examples/hashistack/sample/vault/db_secrets/mysql/05_tomcat_10.0/apache-tomcat-10.0.27/webapps/test]에 대한 배치가 [260] 밀리초에 완료되었습니다.
08-Jan-2023 15:53:45.739 INFO [Catalina-utility-2] org.apache.catalina.startup.HostConfig.undeploy 컨텍스트 [/test]의 배치를 제거합니다.
08-Jan-2023 15:53:45.744 INFO [Catalina-utility-2] org.apache.catalina.startup.HostConfig.deployDirectory 웹 애플리케이션 디렉토리 [/Users/gs/workspaces/hashicorp_example/vagrant-examples/hashistack/sample/vault/db_secrets/mysql/05_tomcat_10.0/apache-tomcat-10.0.27/webapps/test]을(를) 배치합니다.
08-Jan-2023 15:53:46.192 INFO [Catalina-utility-2] org.apache.jasper.servlet.TldScanner.scanJars 적어도 하나의 JAR가 TLD들을 찾기 위해 스캔되었으나 아무 것도 찾지 못했습니다. 스캔했으나 TLD가 없는 JAR들의 전체 목록을 보시려면, 로그 레벨을 디버그 레벨로 설정하십시오. 스캔 과정에서 불필요한 JAR들을 건너뛰면, 시스템 시작 시간과 JSP 컴파일 시간을 단축시킬 수 있습니다.
08-Jan-2023 15:53:46.198 INFO [Catalina-utility-2] org.apache.catalina.startup.HostConfig.deployDirectory 웹 애플리케이션 디렉토리 [/Users/gs/workspaces/hashicorp_example/vagrant-examples/hashistack/sample/vault/db_secrets/mysql/05_tomcat_10.0/apache-tomcat-10.0.27/webapps/test]에 대한 배치가 [453] 밀리초에 완료되었습니다.
